Arguments: 
  /home/psn/.nvm/versions/node/v18.12.1/bin/node /home/psn/.yarn/bin/yarn.js add express mongoose body-pa helmet cors morgan dotenv

PATH: 
  /home/psn/.yarn/bin:/home/psn/.config/yarn/global/node_modules/.bin:/home/psn/.yarn/bin:/home/psn/.config/yarn/global/node_modules/.bin:/home/psn/.nvm/versions/node/v18.12.1/bin:/usr/local/sbin:/usr/local/bin:/usr/sbin:/usr/bin:/sbin:/bin:/usr/games:/usr/local/games:/snap/bin:/snap/bin

Yarn version: 
  1.22.19

Node version: 
  18.12.1

Platform: 
  linux x64

Trace: 
  Error: https://registry.yarnpkg.com/body-pa: Not found
      at params.callback [as _callback] (/home/psn/.yarn/lib/cli.js:66145:18)
      at self.callback (/home/psn/.yarn/lib/cli.js:140890:22)
      at Request.emit (node:events:513:28)
      at Request.<anonymous> (/home/psn/.yarn/lib/cli.js:141862:10)
      at Request.emit (node:events:513:28)
      at IncomingMessage.<anonymous> (/home/psn/.yarn/lib/cli.js:141784:12)
      at Object.onceWrapper (node:events:627:28)
      at IncomingMessage.emit (node:events:525:35)
      at endReadableNT (node:internal/streams/readable:1359:12)
      at process.processTicksAndRejections (node:internal/process/task_queues:82:21)

npm manifest: 
  {
    "name": "crm-backend",
    "version": "1.0.0",
    "description": "Ticket management",
    "main": "app.js",
    "license": "MIT"
  }

yarn manifest: 
  No manifest

Lockfile: 
  No lockfile
